# JRE version: Java(TM) SE Runtime Environment 18.9 (11.0.7+8) (build 11.0.7+8-LTS)
# Java VM: Java HotSpot(TM) 64-Bit Server VM 18.9 (11.0.7+8-LTS, mixed mode, tiered, compressed oops, g1 gc, windows-amd64)
Heap:
 garbage-first heap   total 316416K, used 181481K [0x0000000081c00000, 0x0000000100000000)
  region size 1024K, 43 young (44032K), 1 survivors (1024K)
 Metaspace       used 22181K, capacity 22736K, committed 22960K, reserved 1069056K
  class space    used 2525K, capacity 2756K, committed 2816K, reserved 1048576K
GC Heap History (10 events):
Event: 16.838 GC heap before
{Heap before GC invocations=43 (full 0):
 garbage-first heap   total 218112K, used 176214K [0x0000000081c00000, 0x0000000100000000)
  region size 1024K, 37 young (37888K), 1 survivors (1024K)
 Metaspace       used 22113K, capacity 22672K, committed 22960K, reserved 1069056K
  class space    used 2524K, capacity 2756K, committed 2816K, reserved 1048576K
}
Event: 16.839 GC heap after
{Heap after GC invocations=44 (full 0):
 garbage-first heap   total 218112K, used 139362K [0x0000000081c00000, 0x0000000100000000)
  region size 1024K, 1 young (1024K), 1 survivors (1024K)
 Metaspace       used 22113K, capacity 22672K, committed 22960K, reserved 1069056K
  class space    used 2524K, capacity 2756K, committed 2816K, reserved 1048576K
}
Event: 16.900 GC heap before
{Heap before GC invocations=44 (full 0):
 garbage-first heap   total 218112K, used 178274K [0x0000000081c00000, 0x0000000100000000)
  region size 1024K, 39 young (39936K), 1 survivors (1024K)
 Metaspace       used 22113K, capacity 22672K, committed 22960K, reserved 1069056K
  class space    used 2524K, capacity 2756K, committed 2816K, reserved 1048576K
}
Event: 16.905 GC heap after
{Heap after GC invocations=45 (full 0):
 garbage-first heap   total 316416K, used 139376K [0x0000000081c00000, 0x0000000100000000)
  region size 1024K, 1 young (1024K), 1 survivors (1024K)
 Metaspace       used 22113K, capacity 22672K, committed 22960K, reserved 1069056K
  class space    used 2524K, capacity 2756K, committed 2816K, reserved 1048576K
}
Event: 17.100 GC heap before
{Heap before GC invocations=46 (full 0):
 garbage-first heap   total 316416K, used 230512K [0x0000000081c00000, 0x0000000100000000)
  region size 1024K, 90 young (92160K), 1 survivors (1024K)
 Metaspace       used 22115K, capacity 22672K, committed 22960K, reserved 1069056K
  class space    used 2524K, capacity 2756K, committed 2816K, reserved 1048576K
}
Event: 17.102 GC heap after
{Heap after GC invocations=47 (full 0):
 garbage-first heap   total 316416K, used 139408K [0x0000000081c00000, 0x0000000100000000)
  region size 1024K, 1 young (1024K), 1 survivors (1024K)
 Metaspace       used 22115K, capacity 22672K, committed 22960K, reserved 1069056K
  class space    used 2524K, capacity 2756K, committed 2816K, reserved 1048576K
}
Event: 17.270 GC heap before
{Heap before GC invocations=47 (full 0):
 garbage-first heap   total 316416K, used 238736K [0x0000000081c00000, 0x0000000100000000)
  region size 1024K, 98 young (100352K), 1 survivors (1024K)
 Metaspace       used 22150K, capacity 22736K, committed 22960K, reserved 1069056K
  class space    used 2525K, capacity 2756K, committed 2816K, reserved 1048576K
}
Event: 17.271 GC heap after
{Heap after GC invocations=48 (full 0):
 garbage-first heap   total 316416K, used 139458K [0x0000000081c00000, 0x0000000100000000)
  region size 1024K, 1 young (1024K), 1 survivors (1024K)
 Metaspace       used 22150K, capacity 22736K, committed 22960K, reserved 1069056K
  class space    used 2525K, capacity 2756K, committed 2816K, reserved 1048576K
}
Event: 17.474 GC heap before
{Heap before GC invocations=48 (full 0):
 garbage-first heap   total 316416K, used 244930K [0x0000000081c00000, 0x0000000100000000)
  region size 1024K, 104 young (106496K), 1 survivors (1024K)
 Metaspace       used 22167K, capacity 22736K, committed 22960K, reserved 1069056K
  class space    used 2525K, capacity 2756K, committed 2816K, reserved 1048576K
}
Event: 17.475 GC heap after
{Heap after GC invocations=49 (full 0):
 garbage-first heap   total 316416K, used 139497K [0x0000000081c00000, 0x0000000100000000)
  region size 1024K, 1 young (1024K), 1 survivors (1024K)
 Metaspace       used 22167K, capacity 22736K, committed 22960K, reserved 1069056K
  class space    used 2525K, capacity 2756K, committed 2816K, reserved 1048576K
}

