# JRE version: Java(TM) SE Runtime Environment 18.9 (11.0.7+8) (build 11.0.7+8-LTS)
# Java VM: Java HotSpot(TM) 64-Bit Server VM 18.9 (11.0.7+8-LTS, mixed mode, tiered, compressed oops, g1 gc, windows-amd64)
Heap:
 garbage-first heap   total 131072K, used 53690K [0x0000000081c00000, 0x0000000100000000)
  region size 1024K, 42 young (43008K), 6 survivors (6144K)
 Metaspace       used 20861K, capacity 21412K, committed 21552K, reserved 1069056K
  class space    used 2380K, capacity 2616K, committed 2688K, reserved 1048576K
GC Heap History (6 events):
Event: 0.984 GC heap before
{Heap before GC invocations=0 (full 0):
 garbage-first heap   total 131072K, used 23552K [0x0000000081c00000, 0x0000000100000000)
  region size 1024K, 24 young (24576K), 0 survivors (0K)
 Metaspace       used 12303K, capacity 12671K, committed 12800K, reserved 1060864K
  class space    used 1325K, capacity 1489K, committed 1536K, reserved 1048576K
}
Event: 0.996 GC heap after
{Heap after GC invocations=1 (full 0):
 garbage-first heap   total 131072K, used 3547K [0x0000000081c00000, 0x0000000100000000)
  region size 1024K, 3 young (3072K), 3 survivors (3072K)
 Metaspace       used 12303K, capacity 12671K, committed 12800K, reserved 1060864K
  class space    used 1325K, capacity 1489K, committed 1536K, reserved 1048576K
}
Event: 5.742 GC heap before
{Heap before GC invocations=1 (full 0):
 garbage-first heap   total 131072K, used 87515K [0x0000000081c00000, 0x0000000100000000)
  region size 1024K, 76 young (77824K), 3 survivors (3072K)
 Metaspace       used 20425K, capacity 20919K, committed 21120K, reserved 1067008K
  class space    used 2353K, capacity 2580K, committed 2688K, reserved 1048576K
}
Event: 5.750 GC heap after
{Heap after GC invocations=2 (full 0):
 garbage-first heap   total 131072K, used 18099K [0x0000000081c00000, 0x0000000100000000)
  region size 1024K, 9 young (9216K), 9 survivors (9216K)
 Metaspace       used 20425K, capacity 20919K, committed 21120K, reserved 1067008K
  class space    used 2353K, capacity 2580K, committed 2688K, reserved 1048576K
}
Event: 6.709 GC heap before
{Heap before GC invocations=2 (full 0):
 garbage-first heap   total 131072K, used 38579K [0x0000000081c00000, 0x0000000100000000)
  region size 1024K, 30 young (30720K), 9 survivors (9216K)
 Metaspace       used 20608K, capacity 21155K, committed 21296K, reserved 1069056K
  class space    used 2373K, capacity 2616K, committed 2688K, reserved 1048576K
}
Event: 6.722 GC heap after
{Heap after GC invocations=3 (full 0):
 garbage-first heap   total 131072K, used 17850K [0x0000000081c00000, 0x0000000100000000)
  region size 1024K, 6 young (6144K), 6 survivors (6144K)
 Metaspace       used 20608K, capacity 21155K, committed 21296K, reserved 1069056K
  class space    used 2373K, capacity 2616K, committed 2688K, reserved 1048576K
}

