# JRE version: Java(TM) SE Runtime Environment 18.9 (11.0.7+8) (build 11.0.7+8-LTS)
# Java VM: Java HotSpot(TM) 64-Bit Server VM 18.9 (11.0.7+8-LTS, mixed mode, tiered, compressed oops, g1 gc, windows-amd64)
Heap:
 garbage-first heap   total 131072K, used 94165K [0x0000000081c00000, 0x0000000100000000)
  region size 1024K, 76 young (77824K), 1 survivors (1024K)
 Metaspace       used 21625K, capacity 22224K, committed 22524K, reserved 1069056K
  class space    used 2519K, capacity 2758K, committed 2892K, reserved 1048576K
GC Heap History (8 events):
Event: 0.966 GC heap before
{Heap before GC invocations=0 (full 0):
 garbage-first heap   total 131072K, used 24576K [0x0000000081c00000, 0x0000000100000000)
  region size 1024K, 24 young (24576K), 0 survivors (0K)
 Metaspace       used 12113K, capacity 12500K, committed 12800K, reserved 1060864K
  class space    used 1290K, capacity 1454K, committed 1536K, reserved 1048576K
}
Event: 0.969 GC heap after
{Heap after GC invocations=1 (full 0):
 garbage-first heap   total 131072K, used 3538K [0x0000000081c00000, 0x0000000100000000)
  region size 1024K, 3 young (3072K), 3 survivors (3072K)
 Metaspace       used 12113K, capacity 12500K, committed 12800K, reserved 1060864K
  class space    used 1290K, capacity 1454K, committed 1536K, reserved 1048576K
}
Event: 3.344 GC heap before
{Heap before GC invocations=1 (full 0):
 garbage-first heap   total 131072K, used 49618K [0x0000000081c00000, 0x0000000100000000)
  region size 1024K, 40 young (40960K), 3 survivors (3072K)
 Metaspace       used 20672K, capacity 21168K, committed 21296K, reserved 1069056K
  class space    used 2428K, capacity 2642K, committed 2688K, reserved 1048576K
}
Event: 3.351 GC heap after
{Heap after GC invocations=2 (full 0):
 garbage-first heap   total 131072K, used 18790K [0x0000000081c00000, 0x0000000100000000)
  region size 1024K, 9 young (9216K), 9 survivors (9216K)
 Metaspace       used 20672K, capacity 21168K, committed 21296K, reserved 1069056K
  class space    used 2428K, capacity 2642K, committed 2688K, reserved 1048576K
}
Event: 4.467 GC heap before
{Heap before GC invocations=3 (full 0):
 garbage-first heap   total 131072K, used 63846K [0x0000000081c00000, 0x0000000100000000)
  region size 1024K, 53 young (54272K), 9 survivors (9216K)
 Metaspace       used 21124K, capacity 21712K, committed 21884K, reserved 1069056K
  class space    used 2490K, capacity 2718K, committed 2764K, reserved 1048576K
}
Event: 4.476 GC heap after
{Heap after GC invocations=4 (full 0):
 garbage-first heap   total 131072K, used 18691K [0x0000000081c00000, 0x0000000100000000)
  region size 1024K, 1 young (1024K), 1 survivors (1024K)
 Metaspace       used 21124K, capacity 21712K, committed 21884K, reserved 1069056K
  class space    used 2490K, capacity 2718K, committed 2764K, reserved 1048576K
}
Event: 5.758 GC heap before
{Heap before GC invocations=4 (full 0):
 garbage-first heap   total 131072K, used 75011K [0x0000000081c00000, 0x0000000100000000)
  region size 1024K, 56 young (57344K), 1 survivors (1024K)
 Metaspace       used 21269K, capacity 21849K, committed 22140K, reserved 1069056K
  class space    used 2491K, capacity 2720K, committed 2764K, reserved 1048576K
}
Event: 5.759 GC heap after
{Heap after GC invocations=5 (full 0):
 garbage-first heap   total 131072K, used 18389K [0x0000000081c00000, 0x0000000100000000)
  region size 1024K, 1 young (1024K), 1 survivors (1024K)
 Metaspace       used 21269K, capacity 21849K, committed 22140K, reserved 1069056K
  class space    used 2491K, capacity 2720K, committed 2764K, reserved 1048576K
}

